<?xml version="1.0" encoding="UTF-8"?>
<coverage generated="1663250965423" clover="3.2.0">
  <project timestamp="1663250965423" name="All files">
    <metrics statements="13" coveredstatements="13" conditionals="18" coveredconditionals="16" methods="2" coveredmethods="2" elements="33" coveredelements="31" complexity="0" loc="13" ncloc="13" packages="1" files="1" classes="1"/>
    <file name="11-number-00-sumPlusArr.js" path="/Users/user/Documents/udemy-hau-nguyen/udemy-hau-nguyen-javascript/section-11-practice/practice/11-number-00-sumPlusArr.js">
      <metrics statements="13" coveredstatements="13" conditionals="18" coveredconditionals="16" methods="2" coveredmethods="2"/>
      <line num="4" count="9" type="cond" truecount="5" falsecount="0"/>
      <line num="5" count="4" type="cond" truecount="1" falsecount="1"/>
      <line num="6" count="4" type="cond" truecount="2" falsecount="0"/>
      <line num="7" count="2" type="stmt"/>
      <line num="9" count="2" type="stmt"/>
      <line num="11" count="2" type="stmt"/>
      <line num="12" count="16" type="stmt"/>
      <line num="15" count="2" type="stmt"/>
      <line num="21" count="9" type="cond" truecount="5" falsecount="0"/>
      <line num="22" count="4" type="cond" truecount="1" falsecount="1"/>
      <line num="23" count="4" type="cond" truecount="2" falsecount="0"/>
      <line num="24" count="2" type="stmt"/>
      <line num="26" count="2" type="stmt"/>
    </file>
  </project>
</coverage>
