{"/Users/user/Documents/udemy-hau-nguyen/udemy-hau-nguyen-javascript/section-11-practice/practice/11-number-00-sumPlusArr.js": {"path":"/Users/user/Documents/udemy-hau-nguyen/udemy-hau-nguyen-javascript/section-11-practice/practice/11-number-00-sumPlusArr.js","statementMap":{"0":{"start":{"line":4,"column":2},"end":{"line":4,"column":54}},"1":{"start":{"line":4,"column":45},"end":{"line":4,"column":54}},"2":{"start":{"line":5,"column":2},"end":{"line":5,"column":58}},"3":{"start":{"line":5,"column":49},"end":{"line":5,"column":58}},"4":{"start":{"line":6,"column":2},"end":{"line":7,"column":71}},"5":{"start":{"line":7,"column":4},"end":{"line":7,"column":71}},"6":{"start":{"line":9,"column":12},"end":{"line":9,"column":13}},"7":{"start":{"line":11,"column":2},"end":{"line":13,"column":3}},"8":{"start":{"line":11,"column":15},"end":{"line":11,"column":16}},"9":{"start":{"line":12,"column":4},"end":{"line":12,"column":13}},"10":{"start":{"line":15,"column":2},"end":{"line":15,"column":13}},"11":{"start":{"line":21,"column":2},"end":{"line":21,"column":54}},"12":{"start":{"line":21,"column":45},"end":{"line":21,"column":54}},"13":{"start":{"line":22,"column":2},"end":{"line":22,"column":58}},"14":{"start":{"line":22,"column":49},"end":{"line":22,"column":58}},"15":{"start":{"line":23,"column":2},"end":{"line":24,"column":71}},"16":{"start":{"line":24,"column":4},"end":{"line":24,"column":71}},"17":{"start":{"line":26,"column":2},"end":{"line":26,"column":27}}},"fnMap":{"0":{"name":"sumPlusArrV1","decl":{"start":{"line":3,"column":16},"end":{"line":3,"column":28}},"loc":{"start":{"line":3,"column":32},"end":{"line":16,"column":1}},"line":3},"1":{"name":"sumPlusArrV2","decl":{"start":{"line":20,"column":16},"end":{"line":20,"column":28}},"loc":{"start":{"line":20,"column":32},"end":{"line":27,"column":1}},"line":20}},"branchMap":{"0":{"loc":{"start":{"line":4,"column":2},"end":{"line":4,"column":54}},"type":"if","locations":[{"start":{"line":4,"column":2},"end":{"line":4,"column":54}},{"start":{},"end":{}}],"line":4},"1":{"loc":{"start":{"line":4,"column":6},"end":{"line":4,"column":43}},"type":"binary-expr","locations":[{"start":{"line":4,"column":6},"end":{"line":4,"column":12}},{"start":{"line":4,"column":16},"end":{"line":4,"column":37}},{"start":{"line":4,"column":41},"end":{"line":4,"column":43}}],"line":4},"2":{"loc":{"start":{"line":5,"column":2},"end":{"line":5,"column":58}},"type":"if","locations":[{"start":{"line":5,"column":2},"end":{"line":5,"column":58}},{"start":{},"end":{}}],"line":5},"3":{"loc":{"start":{"line":6,"column":2},"end":{"line":7,"column":71}},"type":"if","locations":[{"start":{"line":6,"column":2},"end":{"line":7,"column":71}},{"start":{},"end":{}}],"line":6},"4":{"loc":{"start":{"line":21,"column":2},"end":{"line":21,"column":54}},"type":"if","locations":[{"start":{"line":21,"column":2},"end":{"line":21,"column":54}},{"start":{},"end":{}}],"line":21},"5":{"loc":{"start":{"line":21,"column":6},"end":{"line":21,"column":43}},"type":"binary-expr","locations":[{"start":{"line":21,"column":6},"end":{"line":21,"column":12}},{"start":{"line":21,"column":16},"end":{"line":21,"column":37}},{"start":{"line":21,"column":41},"end":{"line":21,"column":43}}],"line":21},"6":{"loc":{"start":{"line":22,"column":2},"end":{"line":22,"column":58}},"type":"if","locations":[{"start":{"line":22,"column":2},"end":{"line":22,"column":58}},{"start":{},"end":{}}],"line":22},"7":{"loc":{"start":{"line":23,"column":2},"end":{"line":24,"column":71}},"type":"if","locations":[{"start":{"line":23,"column":2},"end":{"line":24,"column":71}},{"start":{},"end":{}}],"line":23}},"s":{"0":9,"1":5,"2":4,"3":0,"4":4,"5":2,"6":2,"7":2,"8":2,"9":16,"10":2,"11":9,"12":5,"13":4,"14":0,"15":4,"16":2,"17":2},"f":{"0":9,"1":9},"b":{"0":[5,4],"1":[9,7,5],"2":[0,4],"3":[2,2],"4":[5,4],"5":[9,7,5],"6":[0,4],"7":[2,2]},"_coverageSchema":"1a1c01bbd47fc00a2c39e90264f33305004495a9","hash":"701ea390ce86053cc27d892f436fe7942b074449"}
}
