TN:
SF:practice/11-number-00-sumPlusArr.js
FN:3,sumPlusArrV1
FN:20,sumPlusArrV2
FNF:2
FNH:2
FNDA:9,sumPlusArrV1
FNDA:9,sumPlusArrV2
DA:4,9
DA:5,4
DA:6,4
DA:7,2
DA:9,2
DA:11,2
DA:12,16
DA:15,2
DA:21,9
DA:22,4
DA:23,4
DA:24,2
DA:26,2
LF:13
LH:13
BRDA:4,0,0,5
BRDA:4,0,1,4
BRDA:4,1,0,9
BRDA:4,1,1,7
BRDA:4,1,2,5
BRDA:5,2,0,0
BRDA:5,2,1,4
BRDA:6,3,0,2
BRDA:6,3,1,2
BRDA:21,4,0,5
BRDA:21,4,1,4
BRDA:21,5,0,9
BRDA:21,5,1,7
BRDA:21,5,2,5
BRDA:22,6,0,0
BRDA:22,6,1,4
BRDA:23,7,0,2
BRDA:23,7,1,2
BRF:18
BRH:16
end_of_record
